<html>
<head>
<title>TestNG:  Test</title>
<link href="../testng.css" rel="stylesheet" type="text/css" />
<link href="../my-testng.css" rel="stylesheet" type="text/css" />

<style type="text/css">
.log { display: none;} 
.stack-trace { display: none;} 
</style>
<script type="text/javascript">
<!--
function flip(e) {
  current = e.style.display;
  if (current == 'block') {
    e.style.display = 'none';
    return 0;
  }
  else {
    e.style.display = 'block';
    return 1;
  }
}

function toggleBox(szDivId, elem, msg1, msg2)
{
  var res = -1;  if (document.getElementById) {
    res = flip(document.getElementById(szDivId));
  }
  else if (document.all) {
    // this is the way old msie versions work
    res = flip(document.all[szDivId]);
  }
  if(elem) {
    if(res == 0) elem.innerHTML = msg1; else elem.innerHTML = msg2;
  }

}

function toggleAllBoxes() {
  if (document.getElementsByTagName) {
    d = document.getElementsByTagName('div');
    for (i = 0; i < d.length; i++) {
      if (d[i].className == 'log') {
        flip(d[i]);
      }
    }
  }
}

// -->
</script>

</head>
<body>
<h2 align='center'>Test</h2><table border='1' align="center">
<tr>
<td>Tests passed/Failed/Skipped:</td><td>22/11/0</td>
</tr><tr>
<td>Started on:</td><td>Sun Oct 10 21:27:42 IST 2021</td>
</tr>
<tr><td>Total time:</td><td>0 seconds (352 ms)</td>
</tr><tr>
<td>Included groups:</td><td></td>
</tr><tr>
<td>Excluded groups:</td><td></td>
</tr>
</table><p/>
<small><i>(Hover the method name to see the test class name)</i></small><p/>
<table width='100%' border='1' class='invocation-failed'>
<tr><td colspan='4' align='center'><b>FAILED TESTS</b></td></tr>
<tr><td><b>Test method</b></td>
<td width="30%"><b>Exception</b></td>
<td width="10%"><b>Time (seconds)</b></td>
<td><b>Instance</b></td>
</tr>
<tr>
<td title='KTCTC.JuneMavenProjectAutomation.SoftAssertsInTestNG.A()'><b>A</b><br>Test class: KTCTC.JuneMavenProjectAutomation.SoftAssertsInTestNG</td>
<td><div><pre>java.lang.AssertionError: The following asserts failed:
	Expecting elementy to be visible expected [true] but found [false],
	Message is not displayed properly expected [Hello] but found [Hi]
	at KTCTC.JuneMavenProjectAutomation.SoftAssertsInTestNG.A(SoftAssertsInTestNG.java:20)
	at java.util.concurrent.ThreadPoolExecutor.runWorker(Unknown Source)
	at java.util.concurrent.ThreadPoolExecutor$Worker.run(Unknown Source)
	at java.lang.Thread.run(Unknown Source)
... Removed 14 stack frames</pre></div><a href='#' onClick='toggleBox("stack-trace832568978", this, "Click to show all stack frames", "Click to hide stack frames")'>Click to show all stack frames</a>
<div class='stack-trace' id='stack-trace832568978'><pre>java.lang.AssertionError: The following asserts failed:
	Expecting elementy to be visible expected [true] but found [false],
	Message is not displayed properly expected [Hello] but found [Hi]
	at org.testng.asserts.SoftAssert.assertAll(SoftAssert.java:47)
	at org.testng.asserts.SoftAssert.assertAll(SoftAssert.java:31)
	at KTCTC.JuneMavenProjectAutomation.SoftAssertsInTestNG.A(SoftAssertsInTestNG.java:20)
	at sun.reflect.NativeMethodAccessorImpl.invoke0(Native Method)
	at sun.reflect.NativeMethodAccessorImpl.invoke(Unknown Source)
	at sun.reflect.DelegatingMethodAccessorImpl.invoke(Unknown Source)
	at java.lang.reflect.Method.invoke(Unknown Source)
	at org.testng.internal.MethodInvocationHelper.invokeMethod(MethodInvocationHelper.java:132)
	at org.testng.internal.TestInvoker.invokeMethod(TestInvoker.java:599)
	at org.testng.internal.TestInvoker.invokeTestMethod(TestInvoker.java:174)
	at org.testng.internal.MethodRunner.runInSequence(MethodRunner.java:46)
	at org.testng.internal.TestInvoker$MethodInvocationAgent.invoke(TestInvoker.java:822)
	at org.testng.internal.TestInvoker.invokeTestMethods(TestInvoker.java:147)
	at org.testng.internal.TestMethodWorker.invokeTestMethods(TestMethodWorker.java:146)
	at org.testng.internal.TestMethodWorker.run(TestMethodWorker.java:128)
	at java.util.concurrent.ThreadPoolExecutor.runWorker(Unknown Source)
	at java.util.concurrent.ThreadPoolExecutor$Worker.run(Unknown Source)
	at java.lang.Thread.run(Unknown Source)
</pre></div></td>
<td>0</td>
<td>KTCTC.JuneMavenProjectAutomation.SoftAssertsInTestNG@15d0c81b</td></tr>
<tr>
<td title='KTCTC.JuneMavenProjectAutomation.AssertsInTestNG.A()'><b>A</b><br>Test class: KTCTC.JuneMavenProjectAutomation.AssertsInTestNG</td>
<td><div><pre>java.lang.AssertionError: Assertion is failed expecting false expected [false] but found [true]
	at KTCTC.JuneMavenProjectAutomation.AssertsInTestNG.A(AssertsInTestNG.java:23)
	at java.util.concurrent.ThreadPoolExecutor.runWorker(Unknown Source)
	at java.util.concurrent.ThreadPoolExecutor$Worker.run(Unknown Source)
	at java.lang.Thread.run(Unknown Source)
... Removed 15 stack frames</pre></div><a href='#' onClick='toggleBox("stack-trace1263004048", this, "Click to show all stack frames", "Click to hide stack frames")'>Click to show all stack frames</a>
<div class='stack-trace' id='stack-trace1263004048'><pre>java.lang.AssertionError: Assertion is failed expecting false expected [false] but found [true]
	at org.testng.Assert.fail(Assert.java:99)
	at org.testng.Assert.failNotEquals(Assert.java:1037)
	at org.testng.Assert.assertFalse(Assert.java:67)
	at KTCTC.JuneMavenProjectAutomation.AssertsInTestNG.A(AssertsInTestNG.java:23)
	at sun.reflect.NativeMethodAccessorImpl.invoke0(Native Method)
	at sun.reflect.NativeMethodAccessorImpl.invoke(Unknown Source)
	at sun.reflect.DelegatingMethodAccessorImpl.invoke(Unknown Source)
	at java.lang.reflect.Method.invoke(Unknown Source)
	at org.testng.internal.MethodInvocationHelper.invokeMethod(MethodInvocationHelper.java:132)
	at org.testng.internal.TestInvoker.invokeMethod(TestInvoker.java:599)
	at org.testng.internal.TestInvoker.invokeTestMethod(TestInvoker.java:174)
	at org.testng.internal.MethodRunner.runInSequence(MethodRunner.java:46)
	at org.testng.internal.TestInvoker$MethodInvocationAgent.invoke(TestInvoker.java:822)
	at org.testng.internal.TestInvoker.invokeTestMethods(TestInvoker.java:147)
	at org.testng.internal.TestMethodWorker.invokeTestMethods(TestMethodWorker.java:146)
	at org.testng.internal.TestMethodWorker.run(TestMethodWorker.java:128)
	at java.util.concurrent.ThreadPoolExecutor.runWorker(Unknown Source)
	at java.util.concurrent.ThreadPoolExecutor$Worker.run(Unknown Source)
	at java.lang.Thread.run(Unknown Source)
</pre></div></td>
<td>0</td>
<td>KTCTC.JuneMavenProjectAutomation.AssertsInTestNG@4b1c1ea0</td></tr>
<tr>
<td title='KTCTC.JuneMavenProjectAutomation.EnableInTestNG.A()'><b>A</b><br>Test class: KTCTC.JuneMavenProjectAutomation.EnableInTestNG</td>
<td><div><pre>java.lang.AssertionError: Assertion is failed expecting false expected [false] but found [true]
	at KTCTC.JuneMavenProjectAutomation.EnableInTestNG.A(EnableInTestNG.java:17)
	at java.util.concurrent.ThreadPoolExecutor.runWorker(Unknown Source)
	at java.util.concurrent.ThreadPoolExecutor$Worker.run(Unknown Source)
	at java.lang.Thread.run(Unknown Source)
... Removed 15 stack frames</pre></div><a href='#' onClick='toggleBox("stack-trace1337983801", this, "Click to show all stack frames", "Click to hide stack frames")'>Click to show all stack frames</a>
<div class='stack-trace' id='stack-trace1337983801'><pre>java.lang.AssertionError: Assertion is failed expecting false expected [false] but found [true]
	at org.testng.Assert.fail(Assert.java:99)
	at org.testng.Assert.failNotEquals(Assert.java:1037)
	at org.testng.Assert.assertFalse(Assert.java:67)
	at KTCTC.JuneMavenProjectAutomation.EnableInTestNG.A(EnableInTestNG.java:17)
	at sun.reflect.NativeMethodAccessorImpl.invoke0(Native Method)
	at sun.reflect.NativeMethodAccessorImpl.invoke(Unknown Source)
	at sun.reflect.DelegatingMethodAccessorImpl.invoke(Unknown Source)
	at java.lang.reflect.Method.invoke(Unknown Source)
	at org.testng.internal.MethodInvocationHelper.invokeMethod(MethodInvocationHelper.java:132)
	at org.testng.internal.TestInvoker.invokeMethod(TestInvoker.java:599)
	at org.testng.internal.TestInvoker.invokeTestMethod(TestInvoker.java:174)
	at org.testng.internal.MethodRunner.runInSequence(MethodRunner.java:46)
	at org.testng.internal.TestInvoker$MethodInvocationAgent.invoke(TestInvoker.java:822)
	at org.testng.internal.TestInvoker.invokeTestMethods(TestInvoker.java:147)
	at org.testng.internal.TestMethodWorker.invokeTestMethods(TestMethodWorker.java:146)
	at org.testng.internal.TestMethodWorker.run(TestMethodWorker.java:128)
	at java.util.concurrent.ThreadPoolExecutor.runWorker(Unknown Source)
	at java.util.concurrent.ThreadPoolExecutor$Worker.run(Unknown Source)
	at java.lang.Thread.run(Unknown Source)
</pre></div></td>
<td>0</td>
<td>KTCTC.JuneMavenProjectAutomation.EnableInTestNG@17579e0f</td></tr>
<tr>
<td title='KTCTC.JuneMavenProjectAutomation.PrioritiesInTestNG.B()'><b>B</b><br>Test class: KTCTC.JuneMavenProjectAutomation.PrioritiesInTestNG</td>
<td><div><pre>java.lang.AssertionError: expected [true] but found [false]
	at KTCTC.JuneMavenProjectAutomation.PrioritiesInTestNG.B(PrioritiesInTestNG.java:33)
	at java.util.concurrent.ThreadPoolExecutor.runWorker(Unknown Source)
	at java.util.concurrent.ThreadPoolExecutor$Worker.run(Unknown Source)
	at java.lang.Thread.run(Unknown Source)
... Removed 16 stack frames</pre></div><a href='#' onClick='toggleBox("stack-trace1870905129", this, "Click to show all stack frames", "Click to hide stack frames")'>Click to show all stack frames</a>
<div class='stack-trace' id='stack-trace1870905129'><pre>java.lang.AssertionError: expected [true] but found [false]
	at org.testng.Assert.fail(Assert.java:99)
	at org.testng.Assert.failNotEquals(Assert.java:1037)
	at org.testng.Assert.assertTrue(Assert.java:45)
	at org.testng.Assert.assertTrue(Assert.java:55)
	at KTCTC.JuneMavenProjectAutomation.PrioritiesInTestNG.B(PrioritiesInTestNG.java:33)
	at sun.reflect.NativeMethodAccessorImpl.invoke0(Native Method)
	at sun.reflect.NativeMethodAccessorImpl.invoke(Unknown Source)
	at sun.reflect.DelegatingMethodAccessorImpl.invoke(Unknown Source)
	at java.lang.reflect.Method.invoke(Unknown Source)
	at org.testng.internal.MethodInvocationHelper.invokeMethod(MethodInvocationHelper.java:132)
	at org.testng.internal.TestInvoker.invokeMethod(TestInvoker.java:599)
	at org.testng.internal.TestInvoker.invokeTestMethod(TestInvoker.java:174)
	at org.testng.internal.MethodRunner.runInSequence(MethodRunner.java:46)
	at org.testng.internal.TestInvoker$MethodInvocationAgent.invoke(TestInvoker.java:822)
	at org.testng.internal.TestInvoker.invokeTestMethods(TestInvoker.java:147)
	at org.testng.internal.TestMethodWorker.invokeTestMethods(TestMethodWorker.java:146)
	at org.testng.internal.TestMethodWorker.run(TestMethodWorker.java:128)
	at java.util.concurrent.ThreadPoolExecutor.runWorker(Unknown Source)
	at java.util.concurrent.ThreadPoolExecutor$Worker.run(Unknown Source)
	at java.lang.Thread.run(Unknown Source)
</pre></div></td>
<td>0</td>
<td>KTCTC.JuneMavenProjectAutomation.PrioritiesInTestNG@4d41cee</td></tr>
<tr>
<td title='KTCTC.JuneMavenProjectAutomation.AssertsInTestNG.B()'><b>B</b><br>Test class: KTCTC.JuneMavenProjectAutomation.AssertsInTestNG</td>
<td><div><pre>java.lang.AssertionError: Strings are matching did not expect [Hi] but found [Hi]
	at KTCTC.JuneMavenProjectAutomation.AssertsInTestNG.B(AssertsInTestNG.java:36)
	at java.util.concurrent.ThreadPoolExecutor.runWorker(Unknown Source)
	at java.util.concurrent.ThreadPoolExecutor$Worker.run(Unknown Source)
	at java.lang.Thread.run(Unknown Source)
... Removed 16 stack frames</pre></div><a href='#' onClick='toggleBox("stack-trace30551627", this, "Click to show all stack frames", "Click to hide stack frames")'>Click to show all stack frames</a>
<div class='stack-trace' id='stack-trace30551627'><pre>java.lang.AssertionError: Strings are matching did not expect [Hi] but found [Hi]
	at org.testng.Assert.fail(Assert.java:99)
	at org.testng.Assert.failEquals(Assert.java:1041)
	at org.testng.Assert.assertNotEqualsImpl(Assert.java:147)
	at org.testng.Assert.assertNotEquals(Assert.java:1531)
	at KTCTC.JuneMavenProjectAutomation.AssertsInTestNG.B(AssertsInTestNG.java:36)
	at sun.reflect.NativeMethodAccessorImpl.invoke0(Native Method)
	at sun.reflect.NativeMethodAccessorImpl.invoke(Unknown Source)
	at sun.reflect.DelegatingMethodAccessorImpl.invoke(Unknown Source)
	at java.lang.reflect.Method.invoke(Unknown Source)
	at org.testng.internal.MethodInvocationHelper.invokeMethod(MethodInvocationHelper.java:132)
	at org.testng.internal.TestInvoker.invokeMethod(TestInvoker.java:599)
	at org.testng.internal.TestInvoker.invokeTestMethod(TestInvoker.java:174)
	at org.testng.internal.MethodRunner.runInSequence(MethodRunner.java:46)
	at org.testng.internal.TestInvoker$MethodInvocationAgent.invoke(TestInvoker.java:822)
	at org.testng.internal.TestInvoker.invokeTestMethods(TestInvoker.java:147)
	at org.testng.internal.TestMethodWorker.invokeTestMethods(TestMethodWorker.java:146)
	at org.testng.internal.TestMethodWorker.run(TestMethodWorker.java:128)
	at java.util.concurrent.ThreadPoolExecutor.runWorker(Unknown Source)
	at java.util.concurrent.ThreadPoolExecutor$Worker.run(Unknown Source)
	at java.lang.Thread.run(Unknown Source)
</pre></div></td>
<td>0</td>
<td>KTCTC.JuneMavenProjectAutomation.AssertsInTestNG@4b1c1ea0</td></tr>
<tr>
<td title='KTCTC.JuneMavenProjectAutomation.InvocationCountInTestNG.B()'><b>B</b><br>Test class: KTCTC.JuneMavenProjectAutomation.InvocationCountInTestNG</td>
<td><div><pre>java.lang.AssertionError: expected [true] but found [false]
	at KTCTC.JuneMavenProjectAutomation.InvocationCountInTestNG.B(InvocationCountInTestNG.java:28)
	at java.util.concurrent.ThreadPoolExecutor.runWorker(Unknown Source)
	at java.util.concurrent.ThreadPoolExecutor$Worker.run(Unknown Source)
	at java.lang.Thread.run(Unknown Source)
... Removed 16 stack frames</pre></div><a href='#' onClick='toggleBox("stack-trace1949999523", this, "Click to show all stack frames", "Click to hide stack frames")'>Click to show all stack frames</a>
<div class='stack-trace' id='stack-trace1949999523'><pre>java.lang.AssertionError: expected [true] but found [false]
	at org.testng.Assert.fail(Assert.java:99)
	at org.testng.Assert.failNotEquals(Assert.java:1037)
	at org.testng.Assert.assertTrue(Assert.java:45)
	at org.testng.Assert.assertTrue(Assert.java:55)
	at KTCTC.JuneMavenProjectAutomation.InvocationCountInTestNG.B(InvocationCountInTestNG.java:28)
	at sun.reflect.NativeMethodAccessorImpl.invoke0(Native Method)
	at sun.reflect.NativeMethodAccessorImpl.invoke(Unknown Source)
	at sun.reflect.DelegatingMethodAccessorImpl.invoke(Unknown Source)
	at java.lang.reflect.Method.invoke(Unknown Source)
	at org.testng.internal.MethodInvocationHelper.invokeMethod(MethodInvocationHelper.java:132)
	at org.testng.internal.TestInvoker.invokeMethod(TestInvoker.java:599)
	at org.testng.internal.TestInvoker.invokeTestMethod(TestInvoker.java:174)
	at org.testng.internal.MethodRunner.runInSequence(MethodRunner.java:46)
	at org.testng.internal.TestInvoker$MethodInvocationAgent.invoke(TestInvoker.java:822)
	at org.testng.internal.TestInvoker.invokeTestMethods(TestInvoker.java:147)
	at org.testng.internal.TestMethodWorker.invokeTestMethods(TestMethodWorker.java:146)
	at org.testng.internal.TestMethodWorker.run(TestMethodWorker.java:128)
	at java.util.concurrent.ThreadPoolExecutor.runWorker(Unknown Source)
	at java.util.concurrent.ThreadPoolExecutor$Worker.run(Unknown Source)
	at java.lang.Thread.run(Unknown Source)
</pre></div></td>
<td>0</td>
<td>KTCTC.JuneMavenProjectAutomation.InvocationCountInTestNG@3712b94</td></tr>
<tr>
<td title='KTCTC.JuneMavenProjectAutomation.SoftAssertsInTestNG.B()'><b>B</b><br>Test class: KTCTC.JuneMavenProjectAutomation.SoftAssertsInTestNG</td>
<td><div><pre>java.lang.AssertionError: The following asserts failed:
	at KTCTC.JuneMavenProjectAutomation.SoftAssertsInTestNG.B(SoftAssertsInTestNG.java:31)
	at java.util.concurrent.ThreadPoolExecutor.runWorker(Unknown Source)
	at java.util.concurrent.ThreadPoolExecutor$Worker.run(Unknown Source)
	at java.lang.Thread.run(Unknown Source)
... Removed 15 stack frames</pre></div><a href='#' onClick='toggleBox("stack-trace471302592", this, "Click to show all stack frames", "Click to hide stack frames")'>Click to show all stack frames</a>
<div class='stack-trace' id='stack-trace471302592'><pre>java.lang.AssertionError: The following asserts failed:
	expected [null] but found [org.testng.asserts.SoftAssert@7ef43fe1]
	at org.testng.asserts.SoftAssert.assertAll(SoftAssert.java:47)
	at org.testng.asserts.SoftAssert.assertAll(SoftAssert.java:31)
	at KTCTC.JuneMavenProjectAutomation.SoftAssertsInTestNG.B(SoftAssertsInTestNG.java:31)
	at sun.reflect.NativeMethodAccessorImpl.invoke0(Native Method)
	at sun.reflect.NativeMethodAccessorImpl.invoke(Unknown Source)
	at sun.reflect.DelegatingMethodAccessorImpl.invoke(Unknown Source)
	at java.lang.reflect.Method.invoke(Unknown Source)
	at org.testng.internal.MethodInvocationHelper.invokeMethod(MethodInvocationHelper.java:132)
	at org.testng.internal.TestInvoker.invokeMethod(TestInvoker.java:599)
	at org.testng.internal.TestInvoker.invokeTestMethod(TestInvoker.java:174)
	at org.testng.internal.MethodRunner.runInSequence(MethodRunner.java:46)
	at org.testng.internal.TestInvoker$MethodInvocationAgent.invoke(TestInvoker.java:822)
	at org.testng.internal.TestInvoker.invokeTestMethods(TestInvoker.java:147)
	at org.testng.internal.TestMethodWorker.invokeTestMethods(TestMethodWorker.java:146)
	at org.testng.internal.TestMethodWorker.run(TestMethodWorker.java:128)
	at java.util.concurrent.ThreadPoolExecutor.runWorker(Unknown Source)
	at java.util.concurrent.ThreadPoolExecutor$Worker.run(Unknown Source)
	at java.lang.Thread.run(Unknown Source)
</pre></div></td>
<td>0</td>
<td>KTCTC.JuneMavenProjectAutomation.SoftAssertsInTestNG@15d0c81b</td></tr>
<tr>
<td title='KTCTC.JuneMavenProjectAutomation.DependentTestInTestNG.B()'><b>B</b><br>Test class: KTCTC.JuneMavenProjectAutomation.DependentTestInTestNG</td>
<td><div><pre>java.lang.AssertionError: expected [true] but found [false]
	at KTCTC.JuneMavenProjectAutomation.DependentTestInTestNG.B(DependentTestInTestNG.java:19)
	at java.util.concurrent.ThreadPoolExecutor.runWorker(Unknown Source)
	at java.util.concurrent.ThreadPoolExecutor$Worker.run(Unknown Source)
	at java.lang.Thread.run(Unknown Source)
... Removed 16 stack frames</pre></div><a href='#' onClick='toggleBox("stack-trace1061375601", this, "Click to show all stack frames", "Click to hide stack frames")'>Click to show all stack frames</a>
<div class='stack-trace' id='stack-trace1061375601'><pre>java.lang.AssertionError: expected [true] but found [false]
	at org.testng.Assert.fail(Assert.java:99)
	at org.testng.Assert.failNotEquals(Assert.java:1037)
	at org.testng.Assert.assertTrue(Assert.java:45)
	at org.testng.Assert.assertTrue(Assert.java:55)
	at KTCTC.JuneMavenProjectAutomation.DependentTestInTestNG.B(DependentTestInTestNG.java:19)
	at sun.reflect.NativeMethodAccessorImpl.invoke0(Native Method)
	at sun.reflect.NativeMethodAccessorImpl.invoke(Unknown Source)
	at sun.reflect.DelegatingMethodAccessorImpl.invoke(Unknown Source)
	at java.lang.reflect.Method.invoke(Unknown Source)
	at org.testng.internal.MethodInvocationHelper.invokeMethod(MethodInvocationHelper.java:132)
	at org.testng.internal.TestInvoker.invokeMethod(TestInvoker.java:599)
	at org.testng.internal.TestInvoker.invokeTestMethod(TestInvoker.java:174)
	at org.testng.internal.MethodRunner.runInSequence(MethodRunner.java:46)
	at org.testng.internal.TestInvoker$MethodInvocationAgent.invoke(TestInvoker.java:822)
	at org.testng.internal.TestInvoker.invokeTestMethods(TestInvoker.java:147)
	at org.testng.internal.TestMethodWorker.invokeTestMethods(TestMethodWorker.java:146)
	at org.testng.internal.TestMethodWorker.run(TestMethodWorker.java:128)
	at java.util.concurrent.ThreadPoolExecutor.runWorker(Unknown Source)
	at java.util.concurrent.ThreadPoolExecutor$Worker.run(Unknown Source)
	at java.lang.Thread.run(Unknown Source)
</pre></div></td>
<td>0</td>
<td>KTCTC.JuneMavenProjectAutomation.DependentTestInTestNG@3b088d51</td></tr>
<tr>
<td title='KTCTC.JuneMavenProjectAutomation.PrioritiesInTestNG.D()'><b>D</b><br>Test class: KTCTC.JuneMavenProjectAutomation.PrioritiesInTestNG</td>
<td><div><pre>java.lang.AssertionError: expected [true] but found [false]
	at KTCTC.JuneMavenProjectAutomation.PrioritiesInTestNG.D(PrioritiesInTestNG.java:19)
	at java.util.concurrent.ThreadPoolExecutor.runWorker(Unknown Source)
	at java.util.concurrent.ThreadPoolExecutor$Worker.run(Unknown Source)
	at java.lang.Thread.run(Unknown Source)
... Removed 16 stack frames</pre></div><a href='#' onClick='toggleBox("stack-trace507217517", this, "Click to show all stack frames", "Click to hide stack frames")'>Click to show all stack frames</a>
<div class='stack-trace' id='stack-trace507217517'><pre>java.lang.AssertionError: expected [true] but found [false]
	at org.testng.Assert.fail(Assert.java:99)
	at org.testng.Assert.failNotEquals(Assert.java:1037)
	at org.testng.Assert.assertTrue(Assert.java:45)
	at org.testng.Assert.assertTrue(Assert.java:55)
	at KTCTC.JuneMavenProjectAutomation.PrioritiesInTestNG.D(PrioritiesInTestNG.java:19)
	at sun.reflect.NativeMethodAccessorImpl.invoke0(Native Method)
	at sun.reflect.NativeMethodAccessorImpl.invoke(Unknown Source)
	at sun.reflect.DelegatingMethodAccessorImpl.invoke(Unknown Source)
	at java.lang.reflect.Method.invoke(Unknown Source)
	at org.testng.internal.MethodInvocationHelper.invokeMethod(MethodInvocationHelper.java:132)
	at org.testng.internal.TestInvoker.invokeMethod(TestInvoker.java:599)
	at org.testng.internal.TestInvoker.invokeTestMethod(TestInvoker.java:174)
	at org.testng.internal.MethodRunner.runInSequence(MethodRunner.java:46)
	at org.testng.internal.TestInvoker$MethodInvocationAgent.invoke(TestInvoker.java:822)
	at org.testng.internal.TestInvoker.invokeTestMethods(TestInvoker.java:147)
	at org.testng.internal.TestMethodWorker.invokeTestMethods(TestMethodWorker.java:146)
	at org.testng.internal.TestMethodWorker.run(TestMethodWorker.java:128)
	at java.util.concurrent.ThreadPoolExecutor.runWorker(Unknown Source)
	at java.util.concurrent.ThreadPoolExecutor$Worker.run(Unknown Source)
	at java.lang.Thread.run(Unknown Source)
</pre></div></td>
<td>0</td>
<td>KTCTC.JuneMavenProjectAutomation.PrioritiesInTestNG@4d41cee</td></tr>
<tr>
<td title='KTCTC.JuneMavenProjectAutomation.DependentTestInTestNG.D()'><b>D</b><br>Test class: KTCTC.JuneMavenProjectAutomation.DependentTestInTestNG</td>
<td><div><pre>java.lang.AssertionError: expected [true] but found [false]
	at KTCTC.JuneMavenProjectAutomation.DependentTestInTestNG.D(DependentTestInTestNG.java:35)
	at java.util.concurrent.ThreadPoolExecutor.runWorker(Unknown Source)
	at java.util.concurrent.ThreadPoolExecutor$Worker.run(Unknown Source)
	at java.lang.Thread.run(Unknown Source)
... Removed 16 stack frames</pre></div><a href='#' onClick='toggleBox("stack-trace381037023", this, "Click to show all stack frames", "Click to hide stack frames")'>Click to show all stack frames</a>
<div class='stack-trace' id='stack-trace381037023'><pre>java.lang.AssertionError: expected [true] but found [false]
	at org.testng.Assert.fail(Assert.java:99)
	at org.testng.Assert.failNotEquals(Assert.java:1037)
	at org.testng.Assert.assertTrue(Assert.java:45)
	at org.testng.Assert.assertTrue(Assert.java:55)
	at KTCTC.JuneMavenProjectAutomation.DependentTestInTestNG.D(DependentTestInTestNG.java:35)
	at sun.reflect.NativeMethodAccessorImpl.invoke0(Native Method)
	at sun.reflect.NativeMethodAccessorImpl.invoke(Unknown Source)
	at sun.reflect.DelegatingMethodAccessorImpl.invoke(Unknown Source)
	at java.lang.reflect.Method.invoke(Unknown Source)
	at org.testng.internal.MethodInvocationHelper.invokeMethod(MethodInvocationHelper.java:132)
	at org.testng.internal.TestInvoker.invokeMethod(TestInvoker.java:599)
	at org.testng.internal.TestInvoker.invokeTestMethod(TestInvoker.java:174)
	at org.testng.internal.MethodRunner.runInSequence(MethodRunner.java:46)
	at org.testng.internal.TestInvoker$MethodInvocationAgent.invoke(TestInvoker.java:822)
	at org.testng.internal.TestInvoker.invokeTestMethods(TestInvoker.java:147)
	at org.testng.internal.TestMethodWorker.invokeTestMethods(TestMethodWorker.java:146)
	at org.testng.internal.TestMethodWorker.run(TestMethodWorker.java:128)
	at java.util.concurrent.ThreadPoolExecutor.runWorker(Unknown Source)
	at java.util.concurrent.ThreadPoolExecutor$Worker.run(Unknown Source)
	at java.lang.Thread.run(Unknown Source)
</pre></div></td>
<td>0</td>
<td>KTCTC.JuneMavenProjectAutomation.DependentTestInTestNG@3b088d51</td></tr>
<tr>
<td title='KTCTC.JuneMavenProjectAutomation.PrioritiesInTestNG.D()'><b>D</b><br>Test class: KTCTC.JuneMavenProjectAutomation.PrioritiesInTestNG</td>
<td><div><pre>java.lang.AssertionError: expected [true] but found [false]
	at KTCTC.JuneMavenProjectAutomation.PrioritiesInTestNG.D(PrioritiesInTestNG.java:19)
	at java.util.concurrent.ThreadPoolExecutor.runWorker(Unknown Source)
	at java.util.concurrent.ThreadPoolExecutor$Worker.run(Unknown Source)
	at java.lang.Thread.run(Unknown Source)
... Removed 16 stack frames</pre></div><a href='#' onClick='toggleBox("stack-trace853440801", this, "Click to show all stack frames", "Click to hide stack frames")'>Click to show all stack frames</a>
<div class='stack-trace' id='stack-trace853440801'><pre>java.lang.AssertionError: expected [true] but found [false]
	at org.testng.Assert.fail(Assert.java:99)
	at org.testng.Assert.failNotEquals(Assert.java:1037)
	at org.testng.Assert.assertTrue(Assert.java:45)
	at org.testng.Assert.assertTrue(Assert.java:55)
	at KTCTC.JuneMavenProjectAutomation.PrioritiesInTestNG.D(PrioritiesInTestNG.java:19)
	at sun.reflect.NativeMethodAccessorImpl.invoke0(Native Method)
	at sun.reflect.NativeMethodAccessorImpl.invoke(Unknown Source)
	at sun.reflect.DelegatingMethodAccessorImpl.invoke(Unknown Source)
	at java.lang.reflect.Method.invoke(Unknown Source)
	at org.testng.internal.MethodInvocationHelper.invokeMethod(MethodInvocationHelper.java:132)
	at org.testng.internal.TestInvoker.invokeMethod(TestInvoker.java:599)
	at org.testng.internal.TestInvoker.invokeTestMethod(TestInvoker.java:174)
	at org.testng.internal.MethodRunner.runInSequence(MethodRunner.java:46)
	at org.testng.internal.TestInvoker$MethodInvocationAgent.invoke(TestInvoker.java:822)
	at org.testng.internal.TestInvoker.invokeTestMethods(TestInvoker.java:147)
	at org.testng.internal.TestMethodWorker.invokeTestMethods(TestMethodWorker.java:146)
	at org.testng.internal.TestMethodWorker.run(TestMethodWorker.java:128)
	at java.util.concurrent.ThreadPoolExecutor.runWorker(Unknown Source)
	at java.util.concurrent.ThreadPoolExecutor$Worker.run(Unknown Source)
	at java.lang.Thread.run(Unknown Source)
</pre></div></td>
<td>0</td>
<td>KTCTC.JuneMavenProjectAutomation.PrioritiesInTestNG@4d41cee</td></tr>
</table><p>
<table width='100%' border='1' class='invocation-passed'>
<tr><td colspan='4' align='center'><b>PASSED TESTS</b></td></tr>
<tr><td><b>Test method</b></td>
<td width="30%"><b>Exception</b></td>
<td width="10%"><b>Time (seconds)</b></td>
<td><b>Instance</b></td>
</tr>
<tr>
<td title='KTCTC.JuneMavenProjectAutomation.AnnotaionsInTestNG2.A()'><b>A</b><br>Test class: KTCTC.JuneMavenProjectAutomation.AnnotaionsInTestNG2</td>
<td></td>
<td>0</td>
<td>KTCTC.JuneMavenProjectAutomation.AnnotaionsInTestNG2@53f65459</td></tr>
<tr>
<td title='KTCTC.JuneMavenProjectAutomation.DependentTestInTestNG.A()'><b>A</b><br>Test class: KTCTC.JuneMavenProjectAutomation.DependentTestInTestNG</td>
<td></td>
<td>0</td>
<td>KTCTC.JuneMavenProjectAutomation.DependentTestInTestNG@3b088d51</td></tr>
<tr>
<td title='KTCTC.JuneMavenProjectAutomation.PrioritiesInTestNG.A()'><b>A</b><br>Test class: KTCTC.JuneMavenProjectAutomation.PrioritiesInTestNG</td>
<td></td>
<td>0</td>
<td>KTCTC.JuneMavenProjectAutomation.PrioritiesInTestNG@4d41cee</td></tr>
<tr>
<td title='KTCTC.JuneMavenProjectAutomation.AnnotaionsInTestNG3.A()'><b>A</b><br>Test class: KTCTC.JuneMavenProjectAutomation.AnnotaionsInTestNG3</td>
<td></td>
<td>0</td>
<td>KTCTC.JuneMavenProjectAutomation.AnnotaionsInTestNG3@1786dec2</td></tr>
<tr>
<td title='KTCTC.JuneMavenProjectAutomation.AnnotaionsInTestNG.A()'><b>A</b><br>Test class: KTCTC.JuneMavenProjectAutomation.AnnotaionsInTestNG</td>
<td></td>
<td>0</td>
<td>KTCTC.JuneMavenProjectAutomation.AnnotaionsInTestNG@6acdbdf5</td></tr>
<tr>
<td title='KTCTC.JuneMavenProjectAutomation.AnnotaionsInTestNG2.B()'><b>B</b><br>Test class: KTCTC.JuneMavenProjectAutomation.AnnotaionsInTestNG2</td>
<td></td>
<td>0</td>
<td>KTCTC.JuneMavenProjectAutomation.AnnotaionsInTestNG2@53f65459</td></tr>
<tr>
<td title='KTCTC.JuneMavenProjectAutomation.AnnotaionsInTestNG3.B()'><b>B</b><br>Test class: KTCTC.JuneMavenProjectAutomation.AnnotaionsInTestNG3</td>
<td></td>
<td>0</td>
<td>KTCTC.JuneMavenProjectAutomation.AnnotaionsInTestNG3@1786dec2</td></tr>
<tr>
<td title='KTCTC.JuneMavenProjectAutomation.InvocationCountInTestNG.B()'><b>B</b><br>Test class: KTCTC.JuneMavenProjectAutomation.InvocationCountInTestNG</td>
<td></td>
<td>0</td>
<td>KTCTC.JuneMavenProjectAutomation.InvocationCountInTestNG@3712b94</td></tr>
<tr>
<td title='KTCTC.JuneMavenProjectAutomation.InvocationCountInTestNG.B()'><b>B</b><br>Test class: KTCTC.JuneMavenProjectAutomation.InvocationCountInTestNG</td>
<td></td>
<td>0</td>
<td>KTCTC.JuneMavenProjectAutomation.InvocationCountInTestNG@3712b94</td></tr>
<tr>
<td title='KTCTC.JuneMavenProjectAutomation.AnnotaionsInTestNG.B()'><b>B</b><br>Test class: KTCTC.JuneMavenProjectAutomation.AnnotaionsInTestNG</td>
<td></td>
<td>0</td>
<td>KTCTC.JuneMavenProjectAutomation.AnnotaionsInTestNG@6acdbdf5</td></tr>
<tr>
<td title='KTCTC.JuneMavenProjectAutomation.InvocationCountInTestNG.B()'><b>B</b><br>Test class: KTCTC.JuneMavenProjectAutomation.InvocationCountInTestNG</td>
<td></td>
<td>0</td>
<td>KTCTC.JuneMavenProjectAutomation.InvocationCountInTestNG@3712b94</td></tr>
<tr>
<td title='KTCTC.JuneMavenProjectAutomation.InvocationCountInTestNG.B()'><b>B</b><br>Test class: KTCTC.JuneMavenProjectAutomation.InvocationCountInTestNG</td>
<td></td>
<td>0</td>
<td>KTCTC.JuneMavenProjectAutomation.InvocationCountInTestNG@3712b94</td></tr>
<tr>
<td title='KTCTC.JuneMavenProjectAutomation.PrioritiesInTestNG.C()'><b>C</b><br>Test class: KTCTC.JuneMavenProjectAutomation.PrioritiesInTestNG</td>
<td></td>
<td>0</td>
<td>KTCTC.JuneMavenProjectAutomation.PrioritiesInTestNG@4d41cee</td></tr>
<tr>
<td title='KTCTC.JuneMavenProjectAutomation.AssertsInTestNG.C()'><b>C</b><br>Test class: KTCTC.JuneMavenProjectAutomation.AssertsInTestNG</td>
<td></td>
<td>0</td>
<td>KTCTC.JuneMavenProjectAutomation.AssertsInTestNG@4b1c1ea0</td></tr>
<tr>
<td title='KTCTC.JuneMavenProjectAutomation.DataProviderAnnotation.sampleMethod()'><b>sampleMethod</b><br>Test class: KTCTC.JuneMavenProjectAutomation.DataProviderAnnotation<br>Parameters: Welcome</td>
<td></td>
<td>0</td>
<td>KTCTC.JuneMavenProjectAutomation.DataProviderAnnotation@74650e52</td></tr>
<tr>
<td title='KTCTC.JuneMavenProjectAutomation.DataProviderAnnotation.sampleMethod()'><b>sampleMethod</b><br>Test class: KTCTC.JuneMavenProjectAutomation.DataProviderAnnotation<br>Parameters: To</td>
<td></td>
<td>0</td>
<td>KTCTC.JuneMavenProjectAutomation.DataProviderAnnotation@74650e52</td></tr>
<tr>
<td title='KTCTC.JuneMavenProjectAutomation.DataProviderAnnotation.sampleMethod()'><b>sampleMethod</b><br>Test class: KTCTC.JuneMavenProjectAutomation.DataProviderAnnotation<br>Parameters: Selenium</td>
<td></td>
<td>0</td>
<td>KTCTC.JuneMavenProjectAutomation.DataProviderAnnotation@74650e52</td></tr>
<tr>
<td title='KTCTC.JuneMavenProjectAutomation.DataProviderAnnotation.sampleMethod()'><b>sampleMethod</b><br>Test class: KTCTC.JuneMavenProjectAutomation.DataProviderAnnotation<br>Parameters: KTCTC</td>
<td></td>
<td>0</td>
<td>KTCTC.JuneMavenProjectAutomation.DataProviderAnnotation@74650e52</td></tr>
<tr>
<td title='KTCTC.JuneMavenProjectAutomation.DataProviderAnnotation.sampleMethod2()'><b>sampleMethod2</b><br>Test class: KTCTC.JuneMavenProjectAutomation.DataProviderAnnotation<br>Parameters: 23, 45</td>
<td></td>
<td>0</td>
<td>KTCTC.JuneMavenProjectAutomation.DataProviderAnnotation@74650e52</td></tr>
<tr>
<td title='KTCTC.JuneMavenProjectAutomation.DataProviderAnnotation.sampleMethod2()'><b>sampleMethod2</b><br>Test class: KTCTC.JuneMavenProjectAutomation.DataProviderAnnotation<br>Parameters: 67, 89</td>
<td></td>
<td>0</td>
<td>KTCTC.JuneMavenProjectAutomation.DataProviderAnnotation@74650e52</td></tr>
<tr>
<td title='KTCTC.JuneMavenProjectAutomation.AnnotaionsInTestNG.verfyUserCanLoginWithVAlidCredentials()'><b>verfyUserCanLoginWithVAlidCredentials</b><br>Test class: KTCTC.JuneMavenProjectAutomation.AnnotaionsInTestNG</td>
<td></td>
<td>0</td>
<td>KTCTC.JuneMavenProjectAutomation.AnnotaionsInTestNG@6acdbdf5</td></tr>
<tr>
<td title='KTCTC.JuneMavenProjectAutomation.AnnotaionsInTestNG.verfyUserCanNotLoginWithInvalidUserNameAndValidPassWord()'><b>verfyUserCanNotLoginWithInvalidUserNameAndValidPassWord</b><br>Test class: KTCTC.JuneMavenProjectAutomation.AnnotaionsInTestNG</td>
<td></td>
<td>0</td>
<td>KTCTC.JuneMavenProjectAutomation.AnnotaionsInTestNG@6acdbdf5</td></tr>
</table><p>
</body>
</html>