<?xml version="1.0" encoding="UTF-8"?>
<!-- Generated by org.testng.reporters.JUnitXMLReporter -->
<testsuite hostname="LAPTOP-D2GVCL39" ignored="6" name="Test(failed)" tests="16" failures="11" timestamp="2021-10-11T20:15:16 IST" time="0.184" errors="0">
  <testcase name="B" time="0.011" classname="KTCTC.JuneMavenProjectAutomation.InvocationCountInTestNG"/>
  <testcase name="A" time="0.015" classname="KTCTC.JuneMavenProjectAutomation.DependentTestInTestNG"/>
  <testcase name="A" time="0.016" classname="KTCTC.JuneMavenProjectAutomation.AssertsInTestNG">
    <failure type="java.lang.AssertionError" message="Assertion is failed expecting false expected [false] but found [true]">
      <![CDATA[java.lang.AssertionError: Assertion is failed expecting false expected [false] but found [true]
at KTCTC.JuneMavenProjectAutomation.AssertsInTestNG.A(AssertsInTestNG.java:23)
at java.util.concurrent.ThreadPoolExecutor.runWorker(Unknown Source)
at java.util.concurrent.ThreadPoolExecutor$Worker.run(Unknown Source)
at java.lang.Thread.run(Unknown Source)
... Removed 15 stack frames]]>
    </failure>
  </testcase> <!-- A -->
  <testcase name="A" time="0.018" classname="KTCTC.JuneMavenProjectAutomation.EnableInTestNG">
    <failure type="java.lang.AssertionError" message="Assertion is failed expecting false expected [false] but found [true]">
      <![CDATA[java.lang.AssertionError: Assertion is failed expecting false expected [false] but found [true]
at KTCTC.JuneMavenProjectAutomation.EnableInTestNG.A(EnableInTestNG.java:17)
at java.util.concurrent.ThreadPoolExecutor.runWorker(Unknown Source)
at java.util.concurrent.ThreadPoolExecutor$Worker.run(Unknown Source)
at java.lang.Thread.run(Unknown Source)
... Removed 15 stack frames]]>
    </failure>
  </testcase> <!-- A -->
  <testcase name="A" time="0.018" classname="KTCTC.JuneMavenProjectAutomation.SoftAssertsInTestNG">
    <failure type="java.lang.AssertionError" message="The following asserts failed:
	Expecting elementy to be visible expected [true] but found [false],
	Message is not displayed properly expected [Hello] but found [Hi]">
      <![CDATA[java.lang.AssertionError: The following asserts failed:
Expecting elementy to be visible expected [true] but found [false],
Message is not displayed properly expected [Hello] but found [Hi]
at KTCTC.JuneMavenProjectAutomation.SoftAssertsInTestNG.A(SoftAssertsInTestNG.java:20)
at java.util.concurrent.ThreadPoolExecutor.runWorker(Unknown Source)
at java.util.concurrent.ThreadPoolExecutor$Worker.run(Unknown Source)
at java.lang.Thread.run(Unknown Source)
... Removed 14 stack frames]]>
    </failure>
  </testcase> <!-- A -->
  <testcase name="B" time="0.006" classname="KTCTC.JuneMavenProjectAutomation.InvocationCountInTestNG"/>
  <testcase name="B" time="0.001" classname="KTCTC.JuneMavenProjectAutomation.InvocationCountInTestNG"/>
  <testcase name="D" time="0.007" classname="KTCTC.JuneMavenProjectAutomation.DependentTestInTestNG">
    <failure type="java.lang.AssertionError" message="expected [true] but found [false]">
      <![CDATA[java.lang.AssertionError: expected [true] but found [false]
at KTCTC.JuneMavenProjectAutomation.DependentTestInTestNG.D(DependentTestInTestNG.java:35)
at java.util.concurrent.ThreadPoolExecutor.runWorker(Unknown Source)
at java.util.concurrent.ThreadPoolExecutor$Worker.run(Unknown Source)
at java.lang.Thread.run(Unknown Source)
... Removed 16 stack frames]]>
    </failure>
  </testcase> <!-- D -->
  <testcase name="D" time="0.004" classname="KTCTC.JuneMavenProjectAutomation.PrioritiesInTestNG">
    <failure type="java.lang.AssertionError" message="expected [true] but found [false]">
      <![CDATA[java.lang.AssertionError: expected [true] but found [false]
at KTCTC.JuneMavenProjectAutomation.PrioritiesInTestNG.D(PrioritiesInTestNG.java:19)
at java.util.concurrent.ThreadPoolExecutor.runWorker(Unknown Source)
at java.util.concurrent.ThreadPoolExecutor$Worker.run(Unknown Source)
at java.lang.Thread.run(Unknown Source)
... Removed 16 stack frames]]>
    </failure>
  </testcase> <!-- D -->
  <testcase name="B" time="0.012" classname="KTCTC.JuneMavenProjectAutomation.InvocationCountInTestNG">
    <failure type="java.lang.AssertionError" message="expected [true] but found [false]">
      <![CDATA[java.lang.AssertionError: expected [true] but found [false]
at KTCTC.JuneMavenProjectAutomation.InvocationCountInTestNG.B(InvocationCountInTestNG.java:28)
at java.util.concurrent.ThreadPoolExecutor.runWorker(Unknown Source)
at java.util.concurrent.ThreadPoolExecutor$Worker.run(Unknown Source)
at java.lang.Thread.run(Unknown Source)
... Removed 16 stack frames]]>
    </failure>
  </testcase> <!-- B -->
  <testcase name="B" time="0.005" classname="KTCTC.JuneMavenProjectAutomation.SoftAssertsInTestNG">
    <failure type="java.lang.AssertionError" message="The following asserts failed:
	expected [null] but found [org.testng.asserts.SoftAssert@2de671dd]">
      <![CDATA[java.lang.AssertionError: The following asserts failed:
at KTCTC.JuneMavenProjectAutomation.SoftAssertsInTestNG.B(SoftAssertsInTestNG.java:31)
at java.util.concurrent.ThreadPoolExecutor.runWorker(Unknown Source)
at java.util.concurrent.ThreadPoolExecutor$Worker.run(Unknown Source)
at java.lang.Thread.run(Unknown Source)
... Removed 15 stack frames]]>
    </failure>
  </testcase> <!-- B -->
  <testcase name="B" time="0.006" classname="KTCTC.JuneMavenProjectAutomation.AssertsInTestNG">
    <failure type="java.lang.AssertionError" message="Strings are matching did not expect [Hi] but found [Hi]">
      <![CDATA[java.lang.AssertionError: Strings are matching did not expect [Hi] but found [Hi]
at KTCTC.JuneMavenProjectAutomation.AssertsInTestNG.B(AssertsInTestNG.java:36)
at java.util.concurrent.ThreadPoolExecutor.runWorker(Unknown Source)
at java.util.concurrent.ThreadPoolExecutor$Worker.run(Unknown Source)
at java.lang.Thread.run(Unknown Source)
... Removed 16 stack frames]]>
    </failure>
  </testcase> <!-- B -->
  <testcase name="D" time="0.012" classname="KTCTC.JuneMavenProjectAutomation.PrioritiesInTestNG">
    <failure type="java.lang.AssertionError" message="expected [true] but found [false]">
      <![CDATA[java.lang.AssertionError: expected [true] but found [false]
at KTCTC.JuneMavenProjectAutomation.PrioritiesInTestNG.D(PrioritiesInTestNG.java:19)
at java.util.concurrent.ThreadPoolExecutor.runWorker(Unknown Source)
at java.util.concurrent.ThreadPoolExecutor$Worker.run(Unknown Source)
at java.lang.Thread.run(Unknown Source)
... Removed 16 stack frames]]>
    </failure>
  </testcase> <!-- D -->
  <testcase name="B" time="0.002" classname="KTCTC.JuneMavenProjectAutomation.PrioritiesInTestNG">
    <failure type="java.lang.AssertionError" message="expected [true] but found [false]">
      <![CDATA[java.lang.AssertionError: expected [true] but found [false]
at KTCTC.JuneMavenProjectAutomation.PrioritiesInTestNG.B(PrioritiesInTestNG.java:33)
at java.util.concurrent.ThreadPoolExecutor.runWorker(Unknown Source)
at java.util.concurrent.ThreadPoolExecutor$Worker.run(Unknown Source)
at java.lang.Thread.run(Unknown Source)
... Removed 16 stack frames]]>
    </failure>
  </testcase> <!-- B -->
  <testcase name="B" time="0.002" classname="KTCTC.JuneMavenProjectAutomation.DependentTestInTestNG">
    <failure type="java.lang.AssertionError" message="expected [true] but found [false]">
      <![CDATA[java.lang.AssertionError: expected [true] but found [false]
at KTCTC.JuneMavenProjectAutomation.DependentTestInTestNG.B(DependentTestInTestNG.java:19)
at java.util.concurrent.ThreadPoolExecutor.runWorker(Unknown Source)
at java.util.concurrent.ThreadPoolExecutor$Worker.run(Unknown Source)
at java.lang.Thread.run(Unknown Source)
... Removed 16 stack frames]]>
    </failure>
  </testcase> <!-- B -->
  <testcase name="B" time="0.003" classname="KTCTC.JuneMavenProjectAutomation.InvocationCountInTestNG"/>
  <testcase name="C" time="0.0" classname="KTCTC.JuneMavenProjectAutomation.AssertsInTestNG">
    <ignored/>
  </testcase> <!-- C -->
  <testcase name="addMultipleData" time="0.0" classname="KTCTC.JuneMavenProjectAutomation.InvocationCountInTestNG">
    <ignored/>
  </testcase> <!-- addMultipleData -->
  <testcase name="C" time="0.0" classname="KTCTC.JuneMavenProjectAutomation.PrioritiesInTestNG">
    <ignored/>
  </testcase> <!-- C -->
  <testcase name="B" time="0.0" classname="KTCTC.JuneMavenProjectAutomation.EnableInTestNG">
    <ignored/>
  </testcase> <!-- B -->
  <testcase name="A" time="0.0" classname="KTCTC.JuneMavenProjectAutomation.PrioritiesInTestNG">
    <ignored/>
  </testcase> <!-- A -->
  <testcase name="C" time="0.0" classname="KTCTC.JuneMavenProjectAutomation.DependentTestInTestNG">
    <ignored/>
  </testcase> <!-- C -->
</testsuite> <!-- Test(failed) -->
