<!DOCTYPE html PUBLIC "-//W3C//DTD XHTML 1.1//EN" "https://www.w3.org/TR/xhtml11/DTD/xhtml11.dtd">
<html xmlns="https://www.w3.org/1999/xhtml">
<head>
<meta http-equiv="content-type" content="text/html; charset=UTF-8"/>
<title>TestNG Report</title>
<style type="text/css">table {margin-bottom:10px;border-collapse:collapse;empty-cells:show}th,td {border:1px solid #009;padding:.25em .5em}th {vertical-align:bottom}td {vertical-align:top}table a {font-weight:bold}.stripe td {background-color: #E6EBF9}.num {text-align:right}.passedodd td {background-color: #3F3}.passedeven td {background-color: #0A0}.skippedodd td {background-color: #DDD}.skippedeven td {background-color: #CCC}.failedodd td,.attn {background-color: #F33}.failedeven td,.stripe .attn {background-color: #D00}.stacktrace {white-space:pre;font-family:monospace}.totop {font-size:85%;text-align:center;border-bottom:2px solid #000}.invisible {display:none}</style>
</head>
<body>
<table>
<tr><th>Test</th><th># Passed</th><th># Skipped</th><th># Retried</th><th># Failed</th><th>Time (ms)</th><th>Included Groups</th><th>Excluded Groups</th></tr>
<tr><th colspan="8">Suite</th></tr>
<tr><td><a href="#t0">Test</a></td><td class="num">22</td><td class="num">0</td><td class="num">0</td><td class="num attn">11</td><td class="num">352</td><td></td><td></td></tr>
</table>
<table id='summary'><thead><tr><th>Class</th><th>Method</th><th>Start</th><th>Time (ms)</th></tr></thead><tbody><tr><th colspan="4">Suite</th></tr></tbody><tbody id="t0"><tr><th colspan="4">Test &#8212; failed</th></tr><tr class="failedeven"><td rowspan="2">KTCTC.JuneMavenProjectAutomation.AssertsInTestNG</td><td><a href="#m0">A</a></td><td rowspan="1">1633881463115</td><td rowspan="1">10</td></tr><tr class="failedeven"><td><a href="#m1">B</a></td><td rowspan="1">1633881463134</td><td rowspan="1">2</td></tr><tr class="failedodd"><td rowspan="2">KTCTC.JuneMavenProjectAutomation.DependentTestInTestNG</td><td><a href="#m2">B</a></td><td rowspan="1">1633881463182</td><td rowspan="1">4</td></tr><tr class="failedodd"><td><a href="#m3">D</a></td><td rowspan="1">1633881463041</td><td rowspan="1">16</td></tr><tr class="failedeven"><td rowspan="1">KTCTC.JuneMavenProjectAutomation.EnableInTestNG</td><td><a href="#m4">A</a></td><td rowspan="1">1633881463136</td><td rowspan="1">3</td></tr><tr class="failedodd"><td rowspan="1">KTCTC.JuneMavenProjectAutomation.InvocationCountInTestNG</td><td><a href="#m5">B</a></td><td rowspan="1">1633881463164</td><td rowspan="1">1</td></tr><tr class="failedeven"><td rowspan="3">KTCTC.JuneMavenProjectAutomation.PrioritiesInTestNG</td><td><a href="#m6">B</a></td><td rowspan="1">1633881463123</td><td rowspan="1">5</td></tr><tr class="failedeven"><td><a href="#m7">D</a></td><td rowspan="2">1633881463049</td><td rowspan="2">6</td></tr><tr class="failedeven"><td><a href="#m8">D</a></td></tr><tr class="failedodd"><td rowspan="2">KTCTC.JuneMavenProjectAutomation.SoftAssertsInTestNG</td><td><a href="#m9">A</a></td><td rowspan="1">1633881463075</td><td rowspan="1">31</td></tr><tr class="failedodd"><td><a href="#m10">B</a></td><td rowspan="1">1633881463108</td><td rowspan="1">62</td></tr><tr><th colspan="4">Test &#8212; passed</th></tr><tr class="passedeven"><td rowspan="4">KTCTC.JuneMavenProjectAutomation.AnnotaionsInTestNG</td><td><a href="#m11">A</a></td><td rowspan="1">1633881463146</td><td rowspan="1">4</td></tr><tr class="passedeven"><td><a href="#m12">B</a></td><td rowspan="1">1633881463157</td><td rowspan="1">3</td></tr><tr class="passedeven"><td><a href="#m13">verfyUserCanLoginWithVAlidCredentials</a></td><td rowspan="1">1633881463163</td><td rowspan="1">9</td></tr><tr class="passedeven"><td><a href="#m14">verfyUserCanNotLoginWithInvalidUserNameAndValidPassWord</a></td><td rowspan="1">1633881463192</td><td rowspan="1">3</td></tr><tr class="passedodd"><td rowspan="2">KTCTC.JuneMavenProjectAutomation.AnnotaionsInTestNG2</td><td><a href="#m15">A</a></td><td rowspan="1">1633881463010</td><td rowspan="1">23</td></tr><tr class="passedodd"><td><a href="#m16">B</a></td><td rowspan="1">1633881463037</td><td rowspan="1">9</td></tr><tr class="passedeven"><td rowspan="2">KTCTC.JuneMavenProjectAutomation.AnnotaionsInTestNG3</td><td><a href="#m17">A</a></td><td rowspan="1">1633881463064</td><td rowspan="1">5</td></tr><tr class="passedeven"><td><a href="#m18">B</a></td><td rowspan="1">1633881463095</td><td rowspan="1">10</td></tr><tr class="passedodd"><td rowspan="1">KTCTC.JuneMavenProjectAutomation.AssertsInTestNG</td><td><a href="#m19">C</a></td><td rowspan="1">1633881463140</td><td rowspan="1">6</td></tr><tr class="passedeven"><td rowspan="6">KTCTC.JuneMavenProjectAutomation.DataProviderAnnotation</td><td><a href="#m20">sampleMethod</a></td><td rowspan="4">1633881463202</td><td rowspan="4">1</td></tr><tr class="passedeven"><td><a href="#m21">sampleMethod</a></td></tr><tr class="passedeven"><td><a href="#m22">sampleMethod</a></td></tr><tr class="passedeven"><td><a href="#m23">sampleMethod</a></td></tr><tr class="passedeven"><td><a href="#m24">sampleMethod2</a></td><td rowspan="2">1633881463286</td><td rowspan="2">4</td></tr><tr class="passedeven"><td><a href="#m25">sampleMethod2</a></td></tr><tr class="passedodd"><td rowspan="1">KTCTC.JuneMavenProjectAutomation.DependentTestInTestNG</td><td><a href="#m26">A</a></td><td rowspan="1">1633881463007</td><td rowspan="1">23</td></tr><tr class="passedeven"><td rowspan="4">KTCTC.JuneMavenProjectAutomation.InvocationCountInTestNG</td><td><a href="#m27">B</a></td><td rowspan="4">1633881463157</td><td rowspan="4">2</td></tr><tr class="passedeven"><td><a href="#m28">B</a></td></tr><tr class="passedeven"><td><a href="#m29">B</a></td></tr><tr class="passedeven"><td><a href="#m30">B</a></td></tr><tr class="passedodd"><td rowspan="2">KTCTC.JuneMavenProjectAutomation.PrioritiesInTestNG</td><td><a href="#m31">A</a></td><td rowspan="1">1633881463039</td><td rowspan="1">5</td></tr><tr class="passedodd"><td><a href="#m32">C</a></td><td rowspan="1">1633881463007</td><td rowspan="1">23</td></tr></tbody>
</table>
<h2>Test</h2><h3 id="m0">KTCTC.JuneMavenProjectAutomation.AssertsInTestNG#A</h3><table class="result"><tr><th>Exception</th></tr><tr><td><div class="stacktrace">java.lang.AssertionError: Assertion is failed expecting false expected [false] but found [true]
	at KTCTC.JuneMavenProjectAutomation.AssertsInTestNG.A(AssertsInTestNG.java:23)
	at java.util.concurrent.ThreadPoolExecutor.runWorker(Unknown Source)
	at java.util.concurrent.ThreadPoolExecutor$Worker.run(Unknown Source)
	at java.lang.Thread.run(Unknown Source)
... Removed 15 stack frames</div></td></tr></table><p class="totop"><a href="#summary">back to summary</a></p>
<h3 id="m1">KTCTC.JuneMavenProjectAutomation.AssertsInTestNG#B</h3><table class="result"><tr><th>Exception</th></tr><tr><td><div class="stacktrace">java.lang.AssertionError: Strings are matching did not expect [Hi] but found [Hi]
	at KTCTC.JuneMavenProjectAutomation.AssertsInTestNG.B(AssertsInTestNG.java:36)
	at java.util.concurrent.ThreadPoolExecutor.runWorker(Unknown Source)
	at java.util.concurrent.ThreadPoolExecutor$Worker.run(Unknown Source)
	at java.lang.Thread.run(Unknown Source)
... Removed 16 stack frames</div></td></tr></table><p class="totop"><a href="#summary">back to summary</a></p>
<h3 id="m2">KTCTC.JuneMavenProjectAutomation.DependentTestInTestNG#B</h3><table class="result"><tr><th>Exception</th></tr><tr><td><div class="stacktrace">java.lang.AssertionError: expected [true] but found [false]
	at KTCTC.JuneMavenProjectAutomation.DependentTestInTestNG.B(DependentTestInTestNG.java:19)
	at java.util.concurrent.ThreadPoolExecutor.runWorker(Unknown Source)
	at java.util.concurrent.ThreadPoolExecutor$Worker.run(Unknown Source)
	at java.lang.Thread.run(Unknown Source)
... Removed 16 stack frames</div></td></tr></table><p class="totop"><a href="#summary">back to summary</a></p>
<h3 id="m3">KTCTC.JuneMavenProjectAutomation.DependentTestInTestNG#D</h3><table class="result"><tr><th>Exception</th></tr><tr><td><div class="stacktrace">java.lang.AssertionError: expected [true] but found [false]
	at KTCTC.JuneMavenProjectAutomation.DependentTestInTestNG.D(DependentTestInTestNG.java:35)
	at java.util.concurrent.ThreadPoolExecutor.runWorker(Unknown Source)
	at java.util.concurrent.ThreadPoolExecutor$Worker.run(Unknown Source)
	at java.lang.Thread.run(Unknown Source)
... Removed 16 stack frames</div></td></tr></table><p class="totop"><a href="#summary">back to summary</a></p>
<h3 id="m4">KTCTC.JuneMavenProjectAutomation.EnableInTestNG#A</h3><table class="result"><tr><th>Exception</th></tr><tr><td><div class="stacktrace">java.lang.AssertionError: Assertion is failed expecting false expected [false] but found [true]
	at KTCTC.JuneMavenProjectAutomation.EnableInTestNG.A(EnableInTestNG.java:17)
	at java.util.concurrent.ThreadPoolExecutor.runWorker(Unknown Source)
	at java.util.concurrent.ThreadPoolExecutor$Worker.run(Unknown Source)
	at java.lang.Thread.run(Unknown Source)
... Removed 15 stack frames</div></td></tr></table><p class="totop"><a href="#summary">back to summary</a></p>
<h3 id="m5">KTCTC.JuneMavenProjectAutomation.InvocationCountInTestNG#B</h3><table class="result"><tr><th>Exception</th></tr><tr><td><div class="stacktrace">java.lang.AssertionError: expected [true] but found [false]
	at KTCTC.JuneMavenProjectAutomation.InvocationCountInTestNG.B(InvocationCountInTestNG.java:28)
	at java.util.concurrent.ThreadPoolExecutor.runWorker(Unknown Source)
	at java.util.concurrent.ThreadPoolExecutor$Worker.run(Unknown Source)
	at java.lang.Thread.run(Unknown Source)
... Removed 16 stack frames</div></td></tr></table><p class="totop"><a href="#summary">back to summary</a></p>
<h3 id="m6">KTCTC.JuneMavenProjectAutomation.PrioritiesInTestNG#B</h3><table class="result"><tr><th>Exception</th></tr><tr><td><div class="stacktrace">java.lang.AssertionError: expected [true] but found [false]
	at KTCTC.JuneMavenProjectAutomation.PrioritiesInTestNG.B(PrioritiesInTestNG.java:33)
	at java.util.concurrent.ThreadPoolExecutor.runWorker(Unknown Source)
	at java.util.concurrent.ThreadPoolExecutor$Worker.run(Unknown Source)
	at java.lang.Thread.run(Unknown Source)
... Removed 16 stack frames</div></td></tr></table><p class="totop"><a href="#summary">back to summary</a></p>
<h3 id="m7">KTCTC.JuneMavenProjectAutomation.PrioritiesInTestNG#D</h3><table class="result"><tr><th>Exception</th></tr><tr><td><div class="stacktrace">java.lang.AssertionError: expected [true] but found [false]
	at KTCTC.JuneMavenProjectAutomation.PrioritiesInTestNG.D(PrioritiesInTestNG.java:19)
	at java.util.concurrent.ThreadPoolExecutor.runWorker(Unknown Source)
	at java.util.concurrent.ThreadPoolExecutor$Worker.run(Unknown Source)
	at java.lang.Thread.run(Unknown Source)
... Removed 16 stack frames</div></td></tr></table><p class="totop"><a href="#summary">back to summary</a></p>
<h3 id="m8">KTCTC.JuneMavenProjectAutomation.PrioritiesInTestNG#D</h3><table class="result"><tr><th>Exception</th></tr><tr><td><div class="stacktrace">java.lang.AssertionError: expected [true] but found [false]
	at KTCTC.JuneMavenProjectAutomation.PrioritiesInTestNG.D(PrioritiesInTestNG.java:19)
	at java.util.concurrent.ThreadPoolExecutor.runWorker(Unknown Source)
	at java.util.concurrent.ThreadPoolExecutor$Worker.run(Unknown Source)
	at java.lang.Thread.run(Unknown Source)
... Removed 16 stack frames</div></td></tr></table><p class="totop"><a href="#summary">back to summary</a></p>
<h3 id="m9">KTCTC.JuneMavenProjectAutomation.SoftAssertsInTestNG#A</h3><table class="result"><tr><th>Exception</th></tr><tr><td><div class="stacktrace">java.lang.AssertionError: The following asserts failed:
	Expecting elementy to be visible expected [true] but found [false],
	Message is not displayed properly expected [Hello] but found [Hi]
	at KTCTC.JuneMavenProjectAutomation.SoftAssertsInTestNG.A(SoftAssertsInTestNG.java:20)
	at java.util.concurrent.ThreadPoolExecutor.runWorker(Unknown Source)
	at java.util.concurrent.ThreadPoolExecutor$Worker.run(Unknown Source)
	at java.lang.Thread.run(Unknown Source)
... Removed 14 stack frames</div></td></tr></table><p class="totop"><a href="#summary">back to summary</a></p>
<h3 id="m10">KTCTC.JuneMavenProjectAutomation.SoftAssertsInTestNG#B</h3><table class="result"><tr><th>Exception</th></tr><tr><td><div class="stacktrace">java.lang.AssertionError: The following asserts failed:
	at KTCTC.JuneMavenProjectAutomation.SoftAssertsInTestNG.B(SoftAssertsInTestNG.java:31)
	at java.util.concurrent.ThreadPoolExecutor.runWorker(Unknown Source)
	at java.util.concurrent.ThreadPoolExecutor$Worker.run(Unknown Source)
	at java.lang.Thread.run(Unknown Source)
... Removed 15 stack frames</div></td></tr></table><p class="totop"><a href="#summary">back to summary</a></p>
<h3 id="m11">KTCTC.JuneMavenProjectAutomation.AnnotaionsInTestNG#A</h3><table class="result"><tr><th class="invisible"/></tr></table><p class="totop"><a href="#summary">back to summary</a></p>
<h3 id="m12">KTCTC.JuneMavenProjectAutomation.AnnotaionsInTestNG#B</h3><table class="result"><tr><th class="invisible"/></tr></table><p class="totop"><a href="#summary">back to summary</a></p>
<h3 id="m13">KTCTC.JuneMavenProjectAutomation.AnnotaionsInTestNG#verfyUserCanLoginWithVAlidCredentials</h3><table class="result"><tr><th class="invisible"/></tr></table><p class="totop"><a href="#summary">back to summary</a></p>
<h3 id="m14">KTCTC.JuneMavenProjectAutomation.AnnotaionsInTestNG#verfyUserCanNotLoginWithInvalidUserNameAndValidPassWord</h3><table class="result"><tr><th class="invisible"/></tr></table><p class="totop"><a href="#summary">back to summary</a></p>
<h3 id="m15">KTCTC.JuneMavenProjectAutomation.AnnotaionsInTestNG2#A</h3><table class="result"><tr><th class="invisible"/></tr></table><p class="totop"><a href="#summary">back to summary</a></p>
<h3 id="m16">KTCTC.JuneMavenProjectAutomation.AnnotaionsInTestNG2#B</h3><table class="result"><tr><th class="invisible"/></tr></table><p class="totop"><a href="#summary">back to summary</a></p>
<h3 id="m17">KTCTC.JuneMavenProjectAutomation.AnnotaionsInTestNG3#A</h3><table class="result"><tr><th class="invisible"/></tr></table><p class="totop"><a href="#summary">back to summary</a></p>
<h3 id="m18">KTCTC.JuneMavenProjectAutomation.AnnotaionsInTestNG3#B</h3><table class="result"><tr><th class="invisible"/></tr></table><p class="totop"><a href="#summary">back to summary</a></p>
<h3 id="m19">KTCTC.JuneMavenProjectAutomation.AssertsInTestNG#C</h3><table class="result"><tr><th class="invisible"/></tr></table><p class="totop"><a href="#summary">back to summary</a></p>
<h3 id="m20">KTCTC.JuneMavenProjectAutomation.DataProviderAnnotation#sampleMethod</h3><table class="result"><tr class="param"><th>Parameter #1</th></tr><tr class="param stripe"><td>Welcome</td></tr></table><p class="totop"><a href="#summary">back to summary</a></p>
<h3 id="m21">KTCTC.JuneMavenProjectAutomation.DataProviderAnnotation#sampleMethod</h3><table class="result"><tr class="param"><th>Parameter #1</th></tr><tr class="param stripe"><td>Selenium</td></tr></table><p class="totop"><a href="#summary">back to summary</a></p>
<h3 id="m22">KTCTC.JuneMavenProjectAutomation.DataProviderAnnotation#sampleMethod</h3><table class="result"><tr class="param"><th>Parameter #1</th></tr><tr class="param stripe"><td>KTCTC</td></tr></table><p class="totop"><a href="#summary">back to summary</a></p>
<h3 id="m23">KTCTC.JuneMavenProjectAutomation.DataProviderAnnotation#sampleMethod</h3><table class="result"><tr class="param"><th>Parameter #1</th></tr><tr class="param stripe"><td>To</td></tr></table><p class="totop"><a href="#summary">back to summary</a></p>
<h3 id="m24">KTCTC.JuneMavenProjectAutomation.DataProviderAnnotation#sampleMethod2</h3><table class="result"><tr class="param"><th>Parameter #1</th><th>Parameter #2</th></tr><tr class="param stripe"><td>67</td><td>89</td></tr></table><p class="totop"><a href="#summary">back to summary</a></p>
<h3 id="m25">KTCTC.JuneMavenProjectAutomation.DataProviderAnnotation#sampleMethod2</h3><table class="result"><tr class="param"><th>Parameter #1</th><th>Parameter #2</th></tr><tr class="param stripe"><td>23</td><td>45</td></tr></table><p class="totop"><a href="#summary">back to summary</a></p>
<h3 id="m26">KTCTC.JuneMavenProjectAutomation.DependentTestInTestNG#A</h3><table class="result"><tr><th class="invisible"/></tr></table><p class="totop"><a href="#summary">back to summary</a></p>
<h3 id="m27">KTCTC.JuneMavenProjectAutomation.InvocationCountInTestNG#B</h3><table class="result"><tr><th class="invisible"/></tr></table><p class="totop"><a href="#summary">back to summary</a></p>
<h3 id="m28">KTCTC.JuneMavenProjectAutomation.InvocationCountInTestNG#B</h3><table class="result"><tr><th class="invisible"/></tr></table><p class="totop"><a href="#summary">back to summary</a></p>
<h3 id="m29">KTCTC.JuneMavenProjectAutomation.InvocationCountInTestNG#B</h3><table class="result"><tr><th class="invisible"/></tr></table><p class="totop"><a href="#summary">back to summary</a></p>
<h3 id="m30">KTCTC.JuneMavenProjectAutomation.InvocationCountInTestNG#B</h3><table class="result"><tr><th class="invisible"/></tr></table><p class="totop"><a href="#summary">back to summary</a></p>
<h3 id="m31">KTCTC.JuneMavenProjectAutomation.PrioritiesInTestNG#A</h3><table class="result"><tr><th class="invisible"/></tr></table><p class="totop"><a href="#summary">back to summary</a></p>
<h3 id="m32">KTCTC.JuneMavenProjectAutomation.PrioritiesInTestNG#C</h3><table class="result"><tr><th class="invisible"/></tr></table><p class="totop"><a href="#summary">back to summary</a></p>
</body>
</html>
